<?xml version="1.0" encoding="UTF-8"?>
<testng-results ignored="0" total="1" passed="1" failed="0" skipped="0">
  <reporter-output>
  </reporter-output>
  <suite started-at="2025-05-11T18:25:13 EEST" name="AutomationExerciseSuite" finished-at="2025-05-11T18:26:38 EEST" duration-ms="84809">
    <groups>
    </groups>
    <test started-at="2025-05-11T18:25:13 EEST" name="SignupTest" finished-at="2025-05-11T18:26:38 EEST" duration-ms="84809">
      <class name="tests.SignupTest">
        <test-method is-config="true" signature="setup()[pri:0, instance:tests.SignupTest@5c44c582]" started-at="2025-05-11T18:25:13 EEST" name="setup" finished-at="2025-05-11T18:25:38 EEST" duration-ms="25282" status="PASS">
          <reporter-output>
          </reporter-output>
        </test-method> <!-- setup -->
        <test-method signature="testSignup()[pri:0, instance:tests.SignupTest@5c44c582]" started-at="2025-05-11T18:25:39 EEST" name="testSignup" description="Sign up a new user and log out" finished-at="2025-05-11T18:26:37 EEST" duration-ms="58895" status="PASS">
          <reporter-output>
          </reporter-output>
        </test-method> <!-- testSignup -->
        <test-method is-config="true" signature="teardown()[pri:0, instance:tests.SignupTest@5c44c582]" started-at="2025-05-11T18:26:38 EEST" name="teardown" finished-at="2025-05-11T18:26:38 EEST" duration-ms="332" status="PASS">
          <reporter-output>
          </reporter-output>
        </test-method> <!-- teardown -->
      </class> <!-- tests.SignupTest -->
    </test> <!-- SignupTest -->
  </suite> <!-- AutomationExerciseSuite -->
</testng-results>
